Base path: /Applications/Unity/Unity.app/Contents
Pipe name: \\.\pipe\UnityShaderCompiler-1--1593933356
Cmd: getPlatforms
Cmd: preprocess
  insize=1572 outsize=888 ok=1
Cmd: preprocess
  insize=1802 outsize=901 ok=1
Cmd: preprocess
  insize=818 outsize=818 ok=1
Cmd: preprocess
  insize=219 outsize=219 ok=1
Cmd: preprocess
  insize=471 outsize=1219 ok=1
Cmd: preprocess
  insize=1524 outsize=504 ok=1
Cmd: preprocess
  insize=1452 outsize=480 ok=1
Cmd: preprocess
  insize=1413 outsize=1908 ok=1
Cmd: preprocess
  insize=480 outsize=480 ok=1
Cmd: preprocess
  error: 1 plat 12 at (65): Compiling shaders to OpenGL ES 2.0, Xbox 360, PS3, Flash or DX11 requires both vertex and fragment programs
  insize=1938 outsize=790 ok=1
Cmd: preprocess
  insize=472 outsize=472 ok=1
Cmd: preprocess
  error: 1 plat 12 at (250): Compiling shaders to OpenGL ES 2.0, Xbox 360, PS3, Flash or DX11 requires both vertex and fragment programs
  insize=6012 outsize=2266 ok=1
Cmd: preprocess
  insize=1835 outsize=877 ok=1
Cmd: preprocess
  insize=835 outsize=835 ok=1
Cmd: preprocess
  insize=1477 outsize=830 ok=1
Cmd: preprocess
  insize=730 outsize=730 ok=1
Cmd: preprocess
  insize=1463 outsize=504 ok=1
Cmd: preprocess
  insize=1394 outsize=1394 ok=1
Cmd: preprocess
  insize=1875 outsize=895 ok=1
Cmd: preprocess
  insize=608 outsize=608 ok=1
Cmd: preprocess
  insize=1805 outsize=885 ok=1
Cmd: preprocess
  insize=2965 outsize=1659 ok=1
Cmd: preprocess
  insize=1421 outsize=505 ok=1
Cmd: preprocess
  insize=3042 outsize=1804 ok=1
Cmd: preprocess
  insize=1871 outsize=896 ok=1
Cmd: preprocess
  insize=3679 outsize=1777 ok=1
Cmd: preprocess
  insize=1355 outsize=1355 ok=1
Cmd: preprocess
  insize=1891 outsize=860 ok=1
Cmd: preprocess
  insize=316 outsize=316 ok=1
Cmd: preprocess
  insize=435 outsize=435 ok=1
Cmd: preprocess
  insize=634 outsize=634 ok=1
Cmd: preprocess
  insize=963 outsize=963 ok=1
Cmd: preprocess
  insize=3679 outsize=1777 ok=1
Cmd: preprocess
  insize=1513 outsize=859 ok=1
Cmd: preprocess
  insize=1725 outsize=1007 ok=1
Cmd: preprocess
  insize=5978 outsize=3432 ok=1
Cmd: preprocess
  insize=1524 outsize=883 ok=1
Cmd: preprocess
  insize=2361 outsize=2258 ok=1
Cmd: preprocess
  insize=1242 outsize=493 ok=1
Cmd: preprocess
  insize=1668 outsize=929 ok=1
Cmd: compileSnippet
  api=0 type=0 insize=2922 outsize=2587 kw=DIRECTIONAL ok=1
Cmd: compileSnippet
  api=0 type=1 insize=2922 outsize=1021 kw=DIRECTIONAL ok=1
Cmd: compileSnippet
  api=0 type=0 insize=3382 outsize=1023 kw=DIRECTIONAL ok=1
Cmd: compileSnippet
  api=0 type=1 insize=3382 outsize=989 kw=DIRECTIONAL ok=1
Cmd: compileSnippet
  api=0 type=0 insize=3487 outsize=1023 kw=DIRECTIONAL ok=1
Cmd: compileSnippet
  api=0 type=1 insize=3487 outsize=1117 kw=DIRECTIONAL ok=1
Cmd: compileSnippet
  api=0 type=0 insize=4847 outsize=1221 kw=DIRECTIONAL ok=1
Cmd: compileSnippet
  api=0 type=1 insize=4847 outsize=1380 kw=DIRECTIONAL ok=1
Cmd: preprocess
  insize=1811 outsize=668 ok=1
Cmd: compileSnippet
  api=0 type=0 insize=1449 outsize=1061 kw= ok=1
Cmd: compileSnippet
  api=0 type=1 insize=1449 outsize=176 kw= ok=1
Cmd: compileSnippet
  api=0 type=0 insize=7577 outsize=2237 kw=DIRECTIONAL SHADOWS_OFF LIGHTMAP_OFF DIRLIGHTMAP_OFF VERTEXLIGHT_ON ok=1
Cmd: compileSnippet
  api=0 type=0 insize=5339 outsize=1492 kw=SPOT ok=1
Cmd: compileSnippet
  api=0 type=1 insize=5339 outsize=1487 kw=SPOT ok=1
Cmd: compileSnippet
  api=0 type=0 insize=4280 outsize=1566 kw=DIRECTIONAL SHADOWS_OFF LIGHTMAP_OFF DIRLIGHTMAP_OFF VERTEXLIGHT_ON ok=1
